[debug] [2022-07-11T20:09:24.893Z] ----------------------------------------------------------------------
[debug] [2022-07-11T20:09:24.894Z] Command:       /home/ravindra/.nvm/versions/node/v16.15.1/bin/node /usr/local/bin/firebase deploy
[debug] [2022-07-11T20:09:24.895Z] CLI Version:   11.2.1
[debug] [2022-07-11T20:09:24.895Z] Platform:      linux
[debug] [2022-07-11T20:09:24.895Z] Node Version:  v16.15.1
[debug] [2022-07-11T20:09:24.902Z] Time:          Tue Jul 12 2022 01:39:24 GMT+0530 (India Standard Time)
[debug] [2022-07-11T20:09:24.902Z] ----------------------------------------------------------------------
[debug] 
[debug] [2022-07-11T20:09:24.905Z] >>> [apiv2][query] GET https://firebase-public.firebaseio.com/cli.json [none]
[debug] [2022-07-11T20:09:24.985Z] > command requires scopes: ["email","openid","https://www.googleapis.com/auth/cloudplatformprojects.readonly","https://www.googleapis.com/auth/firebase","https://www.googleapis.com/auth/cloud-platform"]
[debug] [2022-07-11T20:09:24.985Z] > authorizing via signed-in user (ravindranag52@gmail.com)
[debug] [2022-07-11T20:09:24.986Z] [iam] checking project ecellvssut-64800 for permissions ["firebase.projects.get","firebasehosting.sites.update"]
[debug] [2022-07-11T20:09:24.987Z] > refreshing access token with scopes: []
[debug] [2022-07-11T20:09:24.988Z] >>> [apiv2][query] POST https://www.googleapis.com/oauth2/v3/token [none]
[debug] [2022-07-11T20:09:24.988Z] >>> [apiv2][body] POST https://www.googleapis.com/oauth2/v3/token [omitted]
[debug] [2022-07-11T20:09:25.482Z] <<< [apiv2][status] POST https://www.googleapis.com/oauth2/v3/token 200
[debug] [2022-07-11T20:09:25.482Z] <<< [apiv2][body] POST https://www.googleapis.com/oauth2/v3/token [omitted]
[debug] [2022-07-11T20:09:25.491Z] >>> [apiv2][query] POST https://cloudresourcemanager.googleapis.com/v1/projects/ecellvssut-64800:testIamPermissions [none]
[debug] [2022-07-11T20:09:25.491Z] >>> [apiv2][body] POST https://cloudresourcemanager.googleapis.com/v1/projects/ecellvssut-64800:testIamPermissions {"permissions":["firebase.projects.get","firebasehosting.sites.update"]}
[debug] [2022-07-11T20:09:25.872Z] <<< [apiv2][status] GET https://firebase-public.firebaseio.com/cli.json 200
[debug] [2022-07-11T20:09:25.872Z] <<< [apiv2][body] GET https://firebase-public.firebaseio.com/cli.json {"cloudBuildErrorAfter":1594252800000,"cloudBuildWarnAfter":1590019200000,"defaultNode10After":1594252800000,"minVersion":"3.0.5","node8DeploysDisabledAfter":1613390400000,"node8RuntimeDisabledAfter":1615809600000,"node8WarnAfter":1600128000000}
[debug] [2022-07-11T20:09:27.170Z] <<< [apiv2][status] POST https://cloudresourcemanager.googleapis.com/v1/projects/ecellvssut-64800:testIamPermissions 200
[debug] [2022-07-11T20:09:27.170Z] <<< [apiv2][body] POST https://cloudresourcemanager.googleapis.com/v1/projects/ecellvssut-64800:testIamPermissions {"permissions":["firebase.projects.get","firebasehosting.sites.update"]}
[debug] [2022-07-11T20:09:27.172Z] >>> [apiv2][query] GET https://firebase.googleapis.com/v1beta1/projects/ecellvssut-64800 [none]
[debug] [2022-07-11T20:09:28.072Z] <<< [apiv2][status] GET https://firebase.googleapis.com/v1beta1/projects/ecellvssut-64800 200
[debug] [2022-07-11T20:09:28.072Z] <<< [apiv2][body] GET https://firebase.googleapis.com/v1beta1/projects/ecellvssut-64800 {"projectId":"ecellvssut-64800","projectNumber":"650463574767","displayName":"ecellvssut","name":"projects/ecellvssut-64800","resources":{"hostingSite":"ecellvssut-64800","storageBucket":"ecellvssut-64800.appspot.com","locationId":"asia-south1"},"state":"ACTIVE"}
[info] 
[info] === Deploying to 'ecellvssut-64800'...
[info] 
[info] i  deploying hosting 
[debug] [2022-07-11T20:09:28.075Z] >>> [apiv2][query] GET https://firebase.googleapis.com/v1beta1/projects/ecellvssut-64800 [none]
[debug] [2022-07-11T20:09:28.975Z] <<< [apiv2][status] GET https://firebase.googleapis.com/v1beta1/projects/ecellvssut-64800 200
[debug] [2022-07-11T20:09:28.975Z] <<< [apiv2][body] GET https://firebase.googleapis.com/v1beta1/projects/ecellvssut-64800 {"projectId":"ecellvssut-64800","projectNumber":"650463574767","displayName":"ecellvssut","name":"projects/ecellvssut-64800","resources":{"hostingSite":"ecellvssut-64800","storageBucket":"ecellvssut-64800.appspot.com","locationId":"asia-south1"},"state":"ACTIVE"}
[debug] [2022-07-11T20:09:28.976Z] >>> [apiv2][query] POST https://firebasehosting.googleapis.com/v1beta1/projects/650463574767/sites/ecellvssut-64800/versions [none]
[debug] [2022-07-11T20:09:28.977Z] >>> [apiv2][body] POST https://firebasehosting.googleapis.com/v1beta1/projects/650463574767/sites/ecellvssut-64800/versions {"config":{},"labels":{"deployment-tool":"cli-firebase"}}
